<?xml version="1.0" encoding="UTF-8"?>
<testsuite xmlns:xsi="http://www.w3.org/2001/XMLSchema-instance" xsi:noNamespaceSchemaLocation="https://maven.apache.org/surefire/maven-surefire-plugin/xsd/surefire-test-report-3.0.xsd" version="3.0" name="io.northstar.behavior.StudentControllerTests" time="0.404" tests="2" errors="0" skipped="0" failures="0">
  <properties>
[...]
</properties>
  <testcase name="createStudent_created_201" classname="io.northstar.behavior.StudentControllerTests" time="0.108">
    <system-out><![CDATA[2025-10-24T18:11:13.691-04:00  INFO 23394 --- [           main] t.c.s.AnnotationConfigContextLoaderUtils : Could not detect default configuration classes for test class [io.northstar.behavior.StudentControllerTests]: StudentControllerTests does not declare any static, non-private, non-final, nested classes annotated with @Configuration.
2025-10-24T18:11:13.697-04:00  INFO 23394 --- [           main] .b.t.c.SpringBootTestContextBootstrapper : Found @SpringBootConfiguration io.northstar.behavior.NorthStarApplication for test class io.northstar.behavior.StudentControllerTests

  .   ____          _            __ _ _
 /\\ / ___'_ __ _ _(_)_ __  __ _ \ \ \ \
( ( )\___ | '_ | '_| | '_ \/ _` | \ \ \ \
 \\/  ___)| |_)| | | | | || (_| |  ) ) ) )
  '  |____| .__|_| |_|_| |_\__, | / / / /
 =========|_|==============|___/=/_/_/_/

 :: Spring Boot ::                (v3.3.3)

2025-10-24T18:11:13.720-04:00  INFO 23394 --- [           main] i.n.behavior.StudentControllerTests      : Starting StudentControllerTests using Java 23.0.2 with PID 23394 (started by christianthomas in /Users/christianthomas/Projects/NorthStar/backend)
2025-10-24T18:11:13.720-04:00  INFO 23394 --- [           main] i.n.behavior.StudentControllerTests      : No active profile set, falling back to 1 default profile: "default"
2025-10-24T18:11:13.912-04:00  WARN 23394 --- [           main] .s.s.UserDetailsServiceAutoConfiguration : 

Using generated security password: bb2b7ce7-ca11-46b7-8e2d-b613219b8e59

This generated password is for development use only. Your security configuration must be updated before running your application in production.

2025-10-24T18:11:13.923-04:00  INFO 23394 --- [           main] r$InitializeUserDetailsManagerConfigurer : Global AuthenticationManager configured with UserDetailsService bean with name inMemoryUserDetailsManager
2025-10-24T18:11:13.965-04:00  INFO 23394 --- [           main] o.s.b.t.m.w.SpringBootMockServletContext : Initializing Spring TestDispatcherServlet ''
2025-10-24T18:11:13.966-04:00  INFO 23394 --- [           main] o.s.t.web.servlet.TestDispatcherServlet  : Initializing Servlet ''
2025-10-24T18:11:13.966-04:00  INFO 23394 --- [           main] o.s.t.web.servlet.TestDispatcherServlet  : Completed initialization in 0 ms
2025-10-24T18:11:13.973-04:00  INFO 23394 --- [           main] i.n.behavior.StudentControllerTests      : Started StudentControllerTests in 0.273 seconds (process running for 1.636)
]]></system-out>
  </testcase>
  <testcase name="createStudent_validationError_400" classname="io.northstar.behavior.StudentControllerTests" time="0.009">
    <system-out><![CDATA[2025-10-24T18:11:14.093-04:00  WARN 23394 --- [           main] .w.s.m.s.DefaultHandlerExceptionResolver : Resolved [org.springframework.web.bind.MethodArgumentNotValidException: Validation failed for argument [0] in public org.springframework.http.ResponseEntity<io.northstar.behavior.dto.StudentDTO> io.northstar.behavior.controller.StudentController.create(io.northstar.behavior.dto.CreateStudentRequest) with 4 errors: [Field error in object 'createStudentRequest' on field 'lastName': rejected value []; codes [NotBlank.createStudentRequest.lastName,NotBlank.lastName,NotBlank.java.lang.String,NotBlank]; arguments [org.springframework.context.support.DefaultMessageSourceResolvable: codes [createStudentRequest.lastName,lastName]; arguments []; default message [lastName]]; default message [must not be blank]] [Field error in object 'createStudentRequest' on field 'grade': rejected value []; codes [NotBlank.createStudentRequest.grade,NotBlank.grade,NotBlank.java.lang.String,NotBlank]; arguments [org.springframework.context.support.DefaultMessageSourceResolvable: codes [createStudentRequest.grade,grade]; arguments []; default message [grade]]; default message [must not be blank]] [Field error in object 'createStudentRequest' on field 'studentId': rejected value []; codes [NotBlank.createStudentRequest.studentId,NotBlank.studentId,NotBlank.java.lang.String,NotBlank]; arguments [org.springframework.context.support.DefaultMessageSourceResolvable: codes [createStudentRequest.studentId,studentId]; arguments []; default message [studentId]]; default message [must not be blank]] [Field error in object 'createStudentRequest' on field 'firstName': rejected value []; codes [NotBlank.createStudentRequest.firstName,NotBlank.firstName,NotBlank.java.lang.String,NotBlank]; arguments [org.springframework.context.support.DefaultMessageSourceResolvable: codes [createStudentRequest.firstName,firstName]; arguments []; default message [firstName]]; default message [must not be blank]] ]
]]></system-out>
  </testcase>
</testsuite>